# JRE version: OpenJDK Runtime Environment (21.0.4) (build 21.0.4+-12508038-b607.1)
# Java VM: OpenJDK 64-Bit Server VM (21.0.4+-12508038-b607.1, mixed mode, tiered, compressed oops, compressed class ptrs, g1 gc, windows-amd64)
GC Precious Log:
 CardTable entry size: 512
 Card Set container configuration: InlinePtr #cards 5 size 8 Array Of Cards #cards 12 size 40 Howl #buckets 4 coarsen threshold 1843 Howl Bitmap #cards 512 size 80 coarsen threshold 460 Card regions per heap region 1 cards per card region 2048
 CPUs: 4 total, 4 available
 Memory: 7865M
 Large Page Support: Disabled
 NUMA Support: Disabled
 Compressed Oops: Enabled (32-bit)
 Heap Region Size: 1M
 Heap Min Capacity: 8M
 Heap Initial Capacity: 124M
 Heap Max Capacity: 1968M
 Pre-touch: Disabled
 Parallel Workers: 4
 Concurrent Workers: 1
 Concurrent Refinement Workers: 4
 Periodic GC: Disabled
Heap:
 garbage-first heap   total 59392K, used 35705K [0x0000000085000000, 0x0000000100000000)
  region size 1024K, 3 young (3072K), 3 survivors (3072K)
 Metaspace       used 50995K, committed 51392K, reserved 1114112K
  class space    used 5834K, committed 6016K, reserved 1048576K
GC Heap History (20 events):
Event: 0.571 GC heap after
{Heap after GC invocations=1 (full 0):
 garbage-first heap   total 126976K, used 6507K [0x0000000085000000, 0x0000000100000000)
  region size 1024K, 2 young (2048K), 2 survivors (2048K)
 Metaspace       used 11118K, committed 11264K, reserved 1114112K
  class space    used 922K, committed 960K, reserved 1048576K
}
Event: 0.934 GC heap before
{Heap before GC invocations=1 (full 0):
 garbage-first heap   total 126976K, used 25963K [0x0000000085000000, 0x0000000100000000)
  region size 1024K, 22 young (22528K), 2 survivors (2048K)
 Metaspace       used 16769K, committed 16960K, reserved 1114112K
  class space    used 1642K, committed 1728K, reserved 1048576K
}
Event: 0.940 GC heap after
{Heap after GC invocations=2 (full 0):
 garbage-first heap   total 126976K, used 8073K [0x0000000085000000, 0x0000000100000000)
  region size 1024K, 2 young (2048K), 2 survivors (2048K)
 Metaspace       used 16769K, committed 16960K, reserved 1114112K
  class space    used 1642K, committed 1728K, reserved 1048576K
}
Event: 1.171 GC heap before
{Heap before GC invocations=2 (full 0):
 garbage-first heap   total 126976K, used 20361K [0x0000000085000000, 0x0000000100000000)
  region size 1024K, 15 young (15360K), 2 survivors (2048K)
 Metaspace       used 21363K, committed 21504K, reserved 1114112K
  class space    used 2183K, committed 2240K, reserved 1048576K
}
Event: 1.175 GC heap after
{Heap after GC invocations=3 (full 0):
 garbage-first heap   total 126976K, used 8552K [0x0000000085000000, 0x0000000100000000)
  region size 1024K, 3 young (3072K), 3 survivors (3072K)
 Metaspace       used 21363K, committed 21504K, reserved 1114112K
  class space    used 2183K, committed 2240K, reserved 1048576K
}
Event: 1.717 GC heap before
{Heap before GC invocations=4 (full 0):
 garbage-first heap   total 34816K, used 33128K [0x0000000085000000, 0x0000000100000000)
  region size 1024K, 27 young (27648K), 3 survivors (3072K)
 Metaspace       used 26542K, committed 26816K, reserved 1114112K
  class space    used 2830K, committed 2944K, reserved 1048576K
}
Event: 1.733 GC heap after
{Heap after GC invocations=5 (full 0):
 garbage-first heap   total 41984K, used 13267K [0x0000000085000000, 0x0000000100000000)
  region size 1024K, 7 young (7168K), 7 survivors (7168K)
 Metaspace       used 26542K, committed 26816K, reserved 1114112K
  class space    used 2830K, committed 2944K, reserved 1048576K
}
Event: 2.004 GC heap before
{Heap before GC invocations=5 (full 0):
 garbage-first heap   total 41984K, used 30675K [0x0000000085000000, 0x0000000100000000)
  region size 1024K, 24 young (24576K), 7 survivors (7168K)
 Metaspace       used 28935K, committed 29184K, reserved 1114112K
  class space    used 3094K, committed 3200K, reserved 1048576K
}
Event: 2.018 GC heap after
{Heap after GC invocations=6 (full 0):
 garbage-first heap   total 41984K, used 16384K [0x0000000085000000, 0x0000000100000000)
  region size 1024K, 3 young (3072K), 3 survivors (3072K)
 Metaspace       used 28935K, committed 29184K, reserved 1114112K
  class space    used 3094K, committed 3200K, reserved 1048576K
}
Event: 2.352 GC heap before
{Heap before GC invocations=6 (full 0):
 garbage-first heap   total 41984K, used 30720K [0x0000000085000000, 0x0000000100000000)
  region size 1024K, 18 young (18432K), 3 survivors (3072K)
 Metaspace       used 33793K, committed 34112K, reserved 1114112K
  class space    used 4093K, committed 4224K, reserved 1048576K
}
Event: 2.359 GC heap after
{Heap after GC invocations=7 (full 0):
 garbage-first heap   total 56320K, used 18276K [0x0000000085000000, 0x0000000100000000)
  region size 1024K, 2 young (2048K), 2 survivors (2048K)
 Metaspace       used 33793K, committed 34112K, reserved 1114112K
  class space    used 4093K, committed 4224K, reserved 1048576K
}
Event: 2.572 GC heap before
{Heap before GC invocations=7 (full 0):
 garbage-first heap   total 56320K, used 28516K [0x0000000085000000, 0x0000000100000000)
  region size 1024K, 14 young (14336K), 2 survivors (2048K)
 Metaspace       used 35884K, committed 36096K, reserved 1114112K
  class space    used 4315K, committed 4416K, reserved 1048576K
}
Event: 2.582 GC heap after
{Heap after GC invocations=8 (full 0):
 garbage-first heap   total 56320K, used 20296K [0x0000000085000000, 0x0000000100000000)
  region size 1024K, 4 young (4096K), 4 survivors (4096K)
 Metaspace       used 35884K, committed 36096K, reserved 1114112K
  class space    used 4315K, committed 4416K, reserved 1048576K
}
Event: 3.020 GC heap before
{Heap before GC invocations=9 (full 0):
 garbage-first heap   total 56320K, used 43848K [0x0000000085000000, 0x0000000100000000)
  region size 1024K, 28 young (28672K), 4 survivors (4096K)
 Metaspace       used 41964K, committed 42304K, reserved 1114112K
  class space    used 4934K, committed 5056K, reserved 1048576K
}
Event: 3.031 GC heap after
{Heap after GC invocations=10 (full 0):
 garbage-first heap   total 56320K, used 21281K [0x0000000085000000, 0x0000000100000000)
  region size 1024K, 2 young (2048K), 2 survivors (2048K)
 Metaspace       used 41964K, committed 42304K, reserved 1114112K
  class space    used 4934K, committed 5056K, reserved 1048576K
}
Event: 3.620 GC heap before
{Heap before GC invocations=10 (full 0):
 garbage-first heap   total 56320K, used 46881K [0x0000000085000000, 0x0000000100000000)
  region size 1024K, 27 young (27648K), 2 survivors (2048K)
 Metaspace       used 47749K, committed 48128K, reserved 1114112K
  class space    used 5532K, committed 5696K, reserved 1048576K
}
Event: 3.630 GC heap after
{Heap after GC invocations=11 (full 0):
 garbage-first heap   total 56320K, used 23284K [0x0000000085000000, 0x0000000100000000)
  region size 1024K, 4 young (4096K), 4 survivors (4096K)
 Metaspace       used 47749K, committed 48128K, reserved 1114112K
  class space    used 5532K, committed 5696K, reserved 1048576K
}
Event: 3.856 GC heap before
{Heap before GC invocations=11 (full 0):
 garbage-first heap   total 56320K, used 46836K [0x0000000085000000, 0x0000000100000000)
  region size 1024K, 27 young (27648K), 4 survivors (4096K)
 Metaspace       used 48925K, committed 49280K, reserved 1114112K
  class space    used 5645K, committed 5824K, reserved 1048576K
}
Event: 3.878 GC heap after
{Heap after GC invocations=12 (full 0):
 garbage-first heap   total 59392K, used 31564K [0x0000000085000000, 0x0000000100000000)
  region size 1024K, 4 young (4096K), 4 survivors (4096K)
 Metaspace       used 48925K, committed 49280K, reserved 1114112K
  class space    used 5645K, committed 5824K, reserved 1048576K
}
Event: 4.324 GC heap before
{Heap before GC invocations=12 (full 0):
 garbage-first heap   total 59392K, used 47948K [0x0000000085000000, 0x0000000100000000)
  region size 1024K, 21 young (21504K), 4 survivors (4096K)
 Metaspace       used 50995K, committed 51392K, reserved 1114112K
  class space    used 5834K, committed 6016K, reserved 1048576K
}

