# JRE version: OpenJDK Runtime Environment (21.0.4) (build 21.0.4+-12508038-b607.1)
# Java VM: OpenJDK 64-Bit Server VM (21.0.4+-12508038-b607.1, mixed mode, tiered, compressed oops, compressed class ptrs, g1 gc, windows-amd64)
GC Precious Log:
 CardTable entry size: 512
 Card Set container configuration: InlinePtr #cards 5 size 8 Array Of Cards #cards 12 size 40 Howl #buckets 4 coarsen threshold 1843 Howl Bitmap #cards 512 size 80 coarsen threshold 460 Card regions per heap region 1 cards per card region 2048
 CPUs: 4 total, 4 available
 Memory: 7865M
 Large Page Support: Disabled
 NUMA Support: Disabled
 Compressed Oops: Enabled (32-bit)
 Heap Region Size: 1M
 Heap Min Capacity: 8M
 Heap Initial Capacity: 124M
 Heap Max Capacity: 1968M
 Pre-touch: Disabled
 Parallel Workers: 4
 Concurrent Workers: 1
 Concurrent Refinement Workers: 4
 Periodic GC: Disabled
Heap:
 garbage-first heap   total 96256K, used 64339K [0x0000000085000000, 0x0000000100000000)
  region size 1024K, 3 young (3072K), 3 survivors (3072K)
 Metaspace       used 61177K, committed 61568K, reserved 1114112K
  class space    used 6820K, committed 6976K, reserved 1048576K
GC Heap History (20 events):
Event: 4.642 GC heap after
{Heap after GC invocations=11 (full 0):
 garbage-first heap   total 54272K, used 23290K [0x0000000085000000, 0x0000000100000000)
  region size 1024K, 3 young (3072K), 3 survivors (3072K)
 Metaspace       used 47393K, committed 47680K, reserved 1114112K
  class space    used 5497K, committed 5632K, reserved 1048576K
}
Event: 4.948 GC heap before
{Heap before GC invocations=11 (full 0):
 garbage-first heap   total 54272K, used 46842K [0x0000000085000000, 0x0000000100000000)
  region size 1024K, 26 young (26624K), 3 survivors (3072K)
 Metaspace       used 48903K, committed 49216K, reserved 1114112K
  class space    used 5642K, committed 5824K, reserved 1048576K
}
Event: 4.971 GC heap after
{Heap after GC invocations=12 (full 0):
 garbage-first heap   total 58368K, used 31163K [0x0000000085000000, 0x0000000100000000)
  region size 1024K, 4 young (4096K), 4 survivors (4096K)
 Metaspace       used 48903K, committed 49216K, reserved 1114112K
  class space    used 5642K, committed 5824K, reserved 1048576K
}
Event: 6.130 GC heap before
{Heap before GC invocations=12 (full 0):
 garbage-first heap   total 58368K, used 46523K [0x0000000085000000, 0x0000000100000000)
  region size 1024K, 20 young (20480K), 4 survivors (4096K)
 Metaspace       used 50987K, committed 51392K, reserved 1114112K
  class space    used 5831K, committed 6016K, reserved 1048576K
}
Event: 6.146 GC heap after
{Heap after GC invocations=13 (full 0):
 garbage-first heap   total 58368K, used 34690K [0x0000000085000000, 0x0000000100000000)
  region size 1024K, 3 young (3072K), 3 survivors (3072K)
 Metaspace       used 50987K, committed 51392K, reserved 1114112K
  class space    used 5831K, committed 6016K, reserved 1048576K
}
Event: 6.507 GC heap before
{Heap before GC invocations=14 (full 0):
 garbage-first heap   total 58368K, used 49026K [0x0000000085000000, 0x0000000100000000)
  region size 1024K, 17 young (17408K), 3 survivors (3072K)
 Metaspace       used 52357K, committed 52672K, reserved 1114112K
  class space    used 6006K, committed 6144K, reserved 1048576K
}
Event: 6.520 GC heap after
{Heap after GC invocations=15 (full 0):
 garbage-first heap   total 58368K, used 38301K [0x0000000085000000, 0x0000000100000000)
  region size 1024K, 3 young (3072K), 3 survivors (3072K)
 Metaspace       used 52357K, committed 52672K, reserved 1114112K
  class space    used 6006K, committed 6144K, reserved 1048576K
}
Event: 6.926 GC heap before
{Heap before GC invocations=15 (full 0):
 garbage-first heap   total 58368K, used 49565K [0x0000000085000000, 0x0000000100000000)
  region size 1024K, 14 young (14336K), 3 survivors (3072K)
 Metaspace       used 53991K, committed 54400K, reserved 1114112K
  class space    used 6227K, committed 6400K, reserved 1048576K
}
Event: 6.941 GC heap after
{Heap after GC invocations=16 (full 0):
 garbage-first heap   total 81920K, used 39472K [0x0000000085000000, 0x0000000100000000)
  region size 1024K, 2 young (2048K), 2 survivors (2048K)
 Metaspace       used 53991K, committed 54400K, reserved 1114112K
  class space    used 6227K, committed 6400K, reserved 1048576K
}
Event: 7.712 GC heap before
{Heap before GC invocations=16 (full 0):
 garbage-first heap   total 81920K, used 65072K [0x0000000085000000, 0x0000000100000000)
  region size 1024K, 27 young (27648K), 2 survivors (2048K)
 Metaspace       used 54974K, committed 55296K, reserved 1114112K
  class space    used 6320K, committed 6464K, reserved 1048576K
}
Event: 7.735 GC heap after
{Heap after GC invocations=17 (full 0):
 garbage-first heap   total 81920K, used 46080K [0x0000000085000000, 0x0000000100000000)
  region size 1024K, 4 young (4096K), 4 survivors (4096K)
 Metaspace       used 54974K, committed 55296K, reserved 1114112K
  class space    used 6320K, committed 6464K, reserved 1048576K
}
Event: 8.389 GC heap before
{Heap before GC invocations=18 (full 0):
 garbage-first heap   total 81920K, used 66560K [0x0000000085000000, 0x0000000100000000)
  region size 1024K, 25 young (25600K), 4 survivors (4096K)
 Metaspace       used 56613K, committed 56960K, reserved 1114112K
  class space    used 6445K, committed 6592K, reserved 1048576K
}
Event: 8.411 GC heap after
{Heap after GC invocations=19 (full 0):
 garbage-first heap   total 81920K, used 49882K [0x0000000085000000, 0x0000000100000000)
  region size 1024K, 4 young (4096K), 4 survivors (4096K)
 Metaspace       used 56613K, committed 56960K, reserved 1114112K
  class space    used 6445K, committed 6592K, reserved 1048576K
}
Event: 8.957 GC heap before
{Heap before GC invocations=19 (full 0):
 garbage-first heap   total 81920K, used 68314K [0x0000000085000000, 0x0000000100000000)
  region size 1024K, 22 young (22528K), 4 survivors (4096K)
 Metaspace       used 58598K, committed 58944K, reserved 1114112K
  class space    used 6637K, committed 6784K, reserved 1048576K
}
Event: 8.976 GC heap after
{Heap after GC invocations=20 (full 0):
 garbage-first heap   total 81920K, used 53021K [0x0000000085000000, 0x0000000100000000)
  region size 1024K, 3 young (3072K), 3 survivors (3072K)
 Metaspace       used 58598K, committed 58944K, reserved 1114112K
  class space    used 6637K, committed 6784K, reserved 1048576K
}
Event: 9.505 GC heap before
{Heap before GC invocations=20 (full 0):
 garbage-first heap   total 81920K, used 70429K [0x0000000085000000, 0x0000000100000000)
  region size 1024K, 20 young (20480K), 3 survivors (3072K)
 Metaspace       used 59351K, committed 59712K, reserved 1114112K
  class space    used 6701K, committed 6848K, reserved 1048576K
}
Event: 9.517 GC heap after
{Heap after GC invocations=21 (full 0):
 garbage-first heap   total 81920K, used 57082K [0x0000000085000000, 0x0000000100000000)
  region size 1024K, 3 young (3072K), 3 survivors (3072K)
 Metaspace       used 59351K, committed 59712K, reserved 1114112K
  class space    used 6701K, committed 6848K, reserved 1048576K
}
Event: 10.162 GC heap before
{Heap before GC invocations=22 (full 0):
 garbage-first heap   total 96256K, used 72442K [0x0000000085000000, 0x0000000100000000)
  region size 1024K, 18 young (18432K), 3 survivors (3072K)
 Metaspace       used 59877K, committed 60288K, reserved 1114112K
  class space    used 6725K, committed 6912K, reserved 1048576K
}
Event: 10.185 GC heap after
{Heap after GC invocations=23 (full 0):
 garbage-first heap   total 96256K, used 60804K [0x0000000085000000, 0x0000000100000000)
  region size 1024K, 3 young (3072K), 3 survivors (3072K)
 Metaspace       used 59877K, committed 60288K, reserved 1114112K
  class space    used 6725K, committed 6912K, reserved 1048576K
}
Event: 10.837 GC heap before
{Heap before GC invocations=23 (full 0):
 garbage-first heap   total 96256K, used 82308K [0x0000000085000000, 0x0000000100000000)
  region size 1024K, 24 young (24576K), 3 survivors (3072K)
 Metaspace       used 61177K, committed 61568K, reserved 1114112K
  class space    used 6820K, committed 6976K, reserved 1048576K
}

